0 info it worked if it ends with ok
1 verbose cli [ '/usr/local/bin/node',
1 verbose cli   '/usr/local/bin/npm',
1 verbose cli   'install',
1 verbose cli   '-g',
1 verbose cli   'orion-cli' ]
2 info using npm@2.14.4
3 info using node@v4.1.1
4 verbose install initial load of /usr/local/lib/package.json
5 verbose readDependencies loading dependencies from /usr/local/lib/package.json
6 silly cache add args [ 'orion-cli', null ]
7 verbose cache add spec orion-cli
8 silly cache add parsed spec Result {
8 silly cache add   raw: 'orion-cli',
8 silly cache add   scope: null,
8 silly cache add   name: 'orion-cli',
8 silly cache add   rawSpec: '',
8 silly cache add   spec: '*',
8 silly cache add   type: 'range' }
9 silly addNamed orion-cli@*
10 verbose addNamed "*" is a valid semver range for orion-cli
11 silly addNameRange { name: 'orion-cli', range: '*', hasData: false }
12 silly mapToRegistry name orion-cli
13 silly mapToRegistry using default registry
14 silly mapToRegistry registry https://registry.npmjs.org/
15 silly mapToRegistry uri https://registry.npmjs.org/orion-cli
16 verbose addNameRange registry:https://registry.npmjs.org/orion-cli not in flight; fetching
17 verbose request uri https://registry.npmjs.org/orion-cli
18 verbose request no auth needed
19 info attempt registry request try #1 at 11:21:27 PM
20 verbose request id a41dea67aa65eacd
21 http request GET https://registry.npmjs.org/orion-cli
22 http 200 https://registry.npmjs.org/orion-cli
23 silly get cb [ 200,
23 silly get   { server: 'CouchDB/1.5.0 (Erlang OTP/R16B03)',
23 silly get     etag: '"A7XYRKMIEOEM3FLZNUMR628CI"',
23 silly get     'content-type': 'application/json',
23 silly get     'cache-control': 'max-age=60',
23 silly get     'content-length': '11492',
23 silly get     'accept-ranges': 'bytes',
23 silly get     date: 'Wed, 11 Nov 2015 17:21:28 GMT',
23 silly get     via: '1.1 varnish',
23 silly get     age: '0',
23 silly get     connection: 'keep-alive',
23 silly get     'x-served-by': 'cache-sin6927-SIN',
23 silly get     'x-cache': 'MISS',
23 silly get     'x-cache-hits': '0',
23 silly get     'x-timer': 'S1447262488.072023,VS0,VE269',
23 silly get     vary: 'Accept' } ]
24 verbose get saving orion-cli to /Users/Jubaed/.npm/registry.npmjs.org/orion-cli/.cache.json
25 silly addNameRange number 2 { name: 'orion-cli', range: '*', hasData: true }
26 silly addNameRange versions [ 'orion-cli',
26 silly addNameRange   [ '0.0.1',
26 silly addNameRange     '0.0.2',
26 silly addNameRange     '0.1.2',
26 silly addNameRange     '0.1.3',
26 silly addNameRange     '0.1.4',
26 silly addNameRange     '0.1.5',
26 silly addNameRange     '0.1.6',
26 silly addNameRange     '0.1.7' ] ]
27 silly addNamed orion-cli@0.1.7
28 verbose addNamed "0.1.7" is a plain semver version for orion-cli
29 silly mapToRegistry name orion-cli
30 silly mapToRegistry using default registry
31 silly mapToRegistry registry https://registry.npmjs.org/
32 silly mapToRegistry uri https://registry.npmjs.org/orion-cli
33 verbose addRemoteTarball https://registry.npmjs.org/orion-cli/-/orion-cli-0.1.7.tgz not in flight; adding
34 verbose addRemoteTarball [ 'https://registry.npmjs.org/orion-cli/-/orion-cli-0.1.7.tgz',
34 verbose addRemoteTarball   '5e2402ae521a126fa9e02a338a739684758f962d' ]
35 info retry fetch attempt 1 at 11:21:28 PM
36 info attempt registry request try #1 at 11:21:28 PM
37 http fetch GET https://registry.npmjs.org/orion-cli/-/orion-cli-0.1.7.tgz
38 http fetch 200 https://registry.npmjs.org/orion-cli/-/orion-cli-0.1.7.tgz
39 silly fetchAndShaCheck shasum 5e2402ae521a126fa9e02a338a739684758f962d
40 verbose addTmpTarball /var/folders/mz/xzzc7yc53c3btbjwkhzch5nm0000gn/T/npm-17435-3a17c905/registry.npmjs.org/orion-cli/-/orion-cli-0.1.7.tgz not in flight; adding
41 verbose addTmpTarball already have metadata; skipping unpack for orion-cli@0.1.7
42 silly cache afterAdd orion-cli@0.1.7
43 verbose afterAdd /Users/Jubaed/.npm/orion-cli/0.1.7/package/package.json not in flight; writing
44 verbose afterAdd /Users/Jubaed/.npm/orion-cli/0.1.7/package/package.json written
45 silly install resolved [ { name: 'orion-cli',
45 silly install resolved     version: '0.1.7',
45 silly install resolved     description: 'Console scaffolding and development tool for Meteor Projects',
45 silly install resolved     main: 'notExistant.js',
45 silly install resolved     scripts: { test: 'echo "Error: no test specified" && exit 1' },
45 silly install resolved     repository:
45 silly install resolved      { type: 'git',
45 silly install resolved        url: 'git+https://github.com/matteodem/orion-cli.git' },
45 silly install resolved     bin: { orion: './bin/orion' },
45 silly install resolved     author: { name: 'Matteo De Micheli' },
45 silly install resolved     bugs: { url: 'https://github.com/matteodem/orion-cli/issues' },
45 silly install resolved     homepage: 'https://github.com/matteodem',
45 silly install resolved     dependencies:
45 silly install resolved      { colors: '^1.0.3',
45 silly install resolved        'fs-extra': '^0.12.0',
45 silly install resolved        nomnom: '1.8.0',
45 silly install resolved        prompt: '0.2.12',
45 silly install resolved        sugar: '1.4.1',
45 silly install resolved        'transfer-github': '^0.2.0' },
45 silly install resolved     gitHead: 'f9947841dd4602f396aed9323e03e0dbeb7858ea',
45 silly install resolved     _id: 'orion-cli@0.1.7',
45 silly install resolved     _shasum: '5e2402ae521a126fa9e02a338a739684758f962d',
45 silly install resolved     _from: 'orion-cli@*',
45 silly install resolved     _npmVersion: '2.11.3',
45 silly install resolved     _nodeVersion: '0.12.7',
45 silly install resolved     _npmUser: { name: 'matteodem', email: 'mat.demicheli@gmail.com' },
45 silly install resolved     maintainers: [ [Object] ],
45 silly install resolved     dist:
45 silly install resolved      { shasum: '5e2402ae521a126fa9e02a338a739684758f962d',
45 silly install resolved        tarball: 'http://registry.npmjs.org/orion-cli/-/orion-cli-0.1.7.tgz' },
45 silly install resolved     directories: {},
45 silly install resolved     _resolved: 'https://registry.npmjs.org/orion-cli/-/orion-cli-0.1.7.tgz' } ]
46 info install orion-cli@0.1.7 into /usr/local/lib
47 info installOne orion-cli@0.1.7
48 verbose installOne of orion-cli to /usr/local/lib not in flight; installing
49 verbose lock using /Users/Jubaed/.npm/_locks/orion-cli-62f17d238cd4bc7e.lock for /usr/local/lib/node_modules/orion-cli
50 silly install write writing orion-cli 0.1.7 to /usr/local/lib/node_modules/orion-cli
51 verbose unbuild lib/node_modules/orion-cli
52 silly gentlyRm /usr/local/lib/node_modules/orion-cli is being purged from base /usr/local
53 verbose gentlyRm don't care about contents; nuking /usr/local/lib/node_modules/orion-cli
54 verbose tar unpack /Users/Jubaed/.npm/orion-cli/0.1.7/package.tgz
55 verbose tar unpacking to /usr/local/lib/node_modules/orion-cli
56 silly gentlyRm /usr/local/lib/node_modules/orion-cli is being purged
57 verbose gentlyRm don't care about contents; nuking /usr/local/lib/node_modules/orion-cli
58 silly gunzTarPerm modes [ '755', '644' ]
59 error tar.unpack untar error /Users/Jubaed/.npm/orion-cli/0.1.7/package.tgz
60 verbose unlock done using /Users/Jubaed/.npm/_locks/orion-cli-62f17d238cd4bc7e.lock for /usr/local/lib/node_modules/orion-cli
61 verbose fstream_path /usr/local/lib/node_modules/orion-cli
62 verbose fstream_type Directory
63 verbose fstream_class DirWriter
64 verbose stack Error: EACCES: permission denied, mkdir '/usr/local/lib/node_modules/orion-cli'
64 verbose stack     at Error (native)
65 verbose fstream_stack /usr/local/lib/node_modules/npm/node_modules/fstream/lib/dir-writer.js:35:25
65 verbose fstream_stack /usr/local/lib/node_modules/npm/node_modules/mkdirp/index.js:47:53
65 verbose fstream_stack FSReqWrap.oncomplete (fs.js:82:15)
66 verbose cwd /Users/Jubaed/dev/incuba
67 error Darwin 14.5.0
68 error argv "/usr/local/bin/node" "/usr/local/bin/npm" "install" "-g" "orion-cli"
69 error node v4.1.1
70 error npm  v2.14.4
71 error path /usr/local/lib/node_modules/orion-cli
72 error code EACCES
73 error errno -13
74 error syscall mkdir
75 error Error: EACCES: permission denied, mkdir '/usr/local/lib/node_modules/orion-cli'
75 error     at Error (native)
75 error  { [Error: EACCES: permission denied, mkdir '/usr/local/lib/node_modules/orion-cli']
75 error   errno: -13,
75 error   code: 'EACCES',
75 error   syscall: 'mkdir',
75 error   path: '/usr/local/lib/node_modules/orion-cli',
75 error   fstream_type: 'Directory',
75 error   fstream_path: '/usr/local/lib/node_modules/orion-cli',
75 error   fstream_class: 'DirWriter',
75 error   fstream_stack:
75 error    [ '/usr/local/lib/node_modules/npm/node_modules/fstream/lib/dir-writer.js:35:25',
75 error      '/usr/local/lib/node_modules/npm/node_modules/mkdirp/index.js:47:53',
75 error      'FSReqWrap.oncomplete (fs.js:82:15)' ] }
76 error Please try running this command again as root/Administrator.
77 verbose exit [ -13, true ]
78 verbose unbuild lib/node_modules/orion-cli
79 silly gentlyRm /usr/local/lib/node_modules/orion-cli is being purged from base /usr/local
80 verbose gentlyRm don't care about contents; nuking /usr/local/lib/node_modules/orion-cli
